# JRE version: OpenJDK Runtime Environment (21.0.5) (build 21.0.5+-13047016-b750.29)
# Java VM: OpenJDK 64-Bit Server VM (21.0.5+-13047016-b750.29, mixed mode, tiered, compressed oops, compressed class ptrs, g1 gc, windows-amd64)
GC Precious Log:
 CardTable entry size: 512
 Card Set container configuration: InlinePtr #cards 5 size 8 Array Of Cards #cards 12 size 40 Howl #buckets 4 coarsen threshold 1843 Howl Bitmap #cards 512 size 80 coarsen threshold 460 Card regions per heap region 1 cards per card region 2048
 CPUs: 8 total, 8 available
 Memory: 7934M
 Large Page Support: Disabled
 NUMA Support: Disabled
 Compressed Oops: Enabled (32-bit)
 Heap Region Size: 1M
 Heap Min Capacity: 8M
 Heap Initial Capacity: 124M
 Heap Max Capacity: 2G
 Pre-touch: Disabled
 Parallel Workers: 8
 Concurrent Workers: 2
 Concurrent Refinement Workers: 8
 Periodic GC: Disabled
Heap:
 garbage-first heap   total 285696K, used 169600K [0x0000000080000000, 0x0000000100000000)
  region size 1024K, 11 young (11264K), 11 survivors (11264K)
 Metaspace       used 118788K, committed 121024K, reserved 1179648K
  class space    used 15710K, committed 16832K, reserved 1048576K
GC Heap History (20 events):
Event: 139.676 GC heap after
{Heap after GC invocations=53 (full 0):
 garbage-first heap   total 245760K, used 142846K [0x0000000080000000, 0x0000000100000000)
  region size 1024K, 2 young (2048K), 2 survivors (2048K)
 Metaspace       used 114799K, committed 117056K, reserved 1179648K
  class space    used 15318K, committed 16448K, reserved 1048576K
}
Event: 312.132 GC heap before
{Heap before GC invocations=53 (full 0):
 garbage-first heap   total 245760K, used 213502K [0x0000000080000000, 0x0000000100000000)
  region size 1024K, 70 young (71680K), 2 survivors (2048K)
 Metaspace       used 115828K, committed 118080K, reserved 1179648K
  class space    used 15421K, committed 16512K, reserved 1048576K
}
Event: 312.370 GC heap after
{Heap after GC invocations=54 (full 0):
 garbage-first heap   total 245760K, used 129279K [0x0000000080000000, 0x0000000100000000)
  region size 1024K, 3 young (3072K), 3 survivors (3072K)
 Metaspace       used 115828K, committed 118080K, reserved 1179648K
  class space    used 15421K, committed 16512K, reserved 1048576K
}
Event: 318.455 GC heap before
{Heap before GC invocations=54 (full 0):
 garbage-first heap   total 245760K, used 229631K [0x0000000080000000, 0x0000000100000000)
  region size 1024K, 93 young (95232K), 3 survivors (3072K)
 Metaspace       used 116189K, committed 118400K, reserved 1179648K
  class space    used 15422K, committed 16512K, reserved 1048576K
}
Event: 319.482 GC heap after
{Heap after GC invocations=55 (full 0):
 garbage-first heap   total 264192K, used 155648K [0x0000000080000000, 0x0000000100000000)
  region size 1024K, 12 young (12288K), 12 survivors (12288K)
 Metaspace       used 116189K, committed 118400K, reserved 1179648K
  class space    used 15422K, committed 16512K, reserved 1048576K
}
Event: 321.201 GC heap before
{Heap before GC invocations=55 (full 0):
 garbage-first heap   total 264192K, used 178176K [0x0000000080000000, 0x0000000100000000)
  region size 1024K, 36 young (36864K), 12 survivors (12288K)
 Metaspace       used 116217K, committed 118400K, reserved 1179648K
  class space    used 15422K, committed 16512K, reserved 1048576K
}
Event: 321.374 GC heap after
{Heap after GC invocations=56 (full 0):
 garbage-first heap   total 264192K, used 165090K [0x0000000080000000, 0x0000000100000000)
  region size 1024K, 8 young (8192K), 8 survivors (8192K)
 Metaspace       used 116217K, committed 118400K, reserved 1179648K
  class space    used 15422K, committed 16512K, reserved 1048576K
}
Event: 322.415 GC heap before
{Heap before GC invocations=57 (full 0):
 garbage-first heap   total 285696K, used 241890K [0x0000000080000000, 0x0000000100000000)
  region size 1024K, 64 young (65536K), 8 survivors (8192K)
 Metaspace       used 116269K, committed 118464K, reserved 1179648K
  class space    used 15422K, committed 16512K, reserved 1048576K
}
Event: 322.434 GC heap after
{Heap after GC invocations=58 (full 0):
 garbage-first heap   total 285696K, used 170101K [0x0000000080000000, 0x0000000100000000)
  region size 1024K, 8 young (8192K), 8 survivors (8192K)
 Metaspace       used 116269K, committed 118464K, reserved 1179648K
  class space    used 15422K, committed 16512K, reserved 1048576K
}
Event: 322.458 GC heap before
{Heap before GC invocations=58 (full 0):
 garbage-first heap   total 285696K, used 174197K [0x0000000080000000, 0x0000000100000000)
  region size 1024K, 13 young (13312K), 8 survivors (8192K)
 Metaspace       used 116273K, committed 118464K, reserved 1179648K
  class space    used 15422K, committed 16512K, reserved 1048576K
}
Event: 322.470 GC heap after
{Heap after GC invocations=59 (full 0):
 garbage-first heap   total 285696K, used 168010K [0x0000000080000000, 0x0000000100000000)
  region size 1024K, 2 young (2048K), 2 survivors (2048K)
 Metaspace       used 116273K, committed 118464K, reserved 1179648K
  class space    used 15422K, committed 16512K, reserved 1048576K
}
Event: 323.144 GC heap before
{Heap before GC invocations=59 (full 0):
 garbage-first heap   total 285696K, used 228426K [0x0000000080000000, 0x0000000100000000)
  region size 1024K, 62 young (63488K), 2 survivors (2048K)
 Metaspace       used 116306K, committed 118464K, reserved 1179648K
  class space    used 15423K, committed 16512K, reserved 1048576K
}
Event: 323.155 GC heap after
{Heap after GC invocations=60 (full 0):
 garbage-first heap   total 285696K, used 170048K [0x0000000080000000, 0x0000000100000000)
  region size 1024K, 8 young (8192K), 8 survivors (8192K)
 Metaspace       used 116306K, committed 118464K, reserved 1179648K
  class space    used 15423K, committed 16512K, reserved 1048576K
}
Event: 324.297 GC heap before
{Heap before GC invocations=60 (full 0):
 garbage-first heap   total 285696K, used 234560K [0x0000000080000000, 0x0000000100000000)
  region size 1024K, 72 young (73728K), 8 survivors (8192K)
 Metaspace       used 116463K, committed 118656K, reserved 1179648K
  class space    used 15427K, committed 16512K, reserved 1048576K
}
Event: 324.315 GC heap after
{Heap after GC invocations=61 (full 0):
 garbage-first heap   total 285696K, used 166563K [0x0000000080000000, 0x0000000100000000)
  region size 1024K, 3 young (3072K), 3 survivors (3072K)
 Metaspace       used 116463K, committed 118656K, reserved 1179648K
  class space    used 15427K, committed 16512K, reserved 1048576K
}
Event: 328.804 GC heap before
{Heap before GC invocations=61 (full 0):
 garbage-first heap   total 285696K, used 203427K [0x0000000080000000, 0x0000000100000000)
  region size 1024K, 38 young (38912K), 3 survivors (3072K)
 Metaspace       used 116552K, committed 118784K, reserved 1179648K
  class space    used 15438K, committed 16576K, reserved 1048576K
}
Event: 328.812 GC heap after
{Heap after GC invocations=62 (full 0):
 garbage-first heap   total 285696K, used 165539K [0x0000000080000000, 0x0000000100000000)
  region size 1024K, 5 young (5120K), 5 survivors (5120K)
 Metaspace       used 116552K, committed 118784K, reserved 1179648K
  class space    used 15438K, committed 16576K, reserved 1048576K
}
Event: 329.363 GC heap before
{Heap before GC invocations=62 (full 0):
 garbage-first heap   total 285696K, used 177827K [0x0000000080000000, 0x0000000100000000)
  region size 1024K, 18 young (18432K), 5 survivors (5120K)
 Metaspace       used 116998K, committed 119168K, reserved 1179648K
  class space    used 15485K, committed 16576K, reserved 1048576K
}
Event: 329.379 GC heap after
{Heap after GC invocations=63 (full 0):
 garbage-first heap   total 285696K, used 163701K [0x0000000080000000, 0x0000000100000000)
  region size 1024K, 2 young (2048K), 2 survivors (2048K)
 Metaspace       used 116998K, committed 119168K, reserved 1179648K
  class space    used 15485K, committed 16576K, reserved 1048576K
}
Event: 338.075 GC heap before
{Heap before GC invocations=63 (full 0):
 garbage-first heap   total 285696K, used 247669K [0x0000000080000000, 0x0000000100000000)
  region size 1024K, 86 young (88064K), 2 survivors (2048K)
 Metaspace       used 118788K, committed 121024K, reserved 1179648K
  class space    used 15710K, committed 16832K, reserved 1048576K
}

