# JRE version: OpenJDK Runtime Environment (21.0.5) (build 21.0.5+-13047016-b750.29)
# Java VM: OpenJDK 64-Bit Server VM (21.0.5+-13047016-b750.29, mixed mode, tiered, compressed oops, compressed class ptrs, g1 gc, windows-amd64)
GC Precious Log:
 CardTable entry size: 512
 Card Set container configuration: InlinePtr #cards 5 size 8 Array Of Cards #cards 12 size 40 Howl #buckets 4 coarsen threshold 1843 Howl Bitmap #cards 512 size 80 coarsen threshold 460 Card regions per heap region 1 cards per card region 2048
 CPUs: 8 total, 8 available
 Memory: 7934M
 Large Page Support: Disabled
 NUMA Support: Disabled
 Compressed Oops: Enabled (32-bit)
 Heap Region Size: 1M
 Heap Min Capacity: 8M
 Heap Initial Capacity: 124M
 Heap Max Capacity: 2G
 Pre-touch: Disabled
 Parallel Workers: 8
 Concurrent Workers: 2
 Concurrent Refinement Workers: 8
 Periodic GC: Disabled
Heap:
 garbage-first heap   total 188416K, used 130817K [0x0000000080000000, 0x0000000100000000)
  region size 1024K, 27 young (27648K), 7 survivors (7168K)
 Metaspace       used 110459K, committed 112640K, reserved 1179648K
  class space    used 15002K, committed 16128K, reserved 1048576K
GC Heap History (20 events):
Event: 24.216 GC heap before
{Heap before GC invocations=33 (full 0):
 garbage-first heap   total 126976K, used 112978K [0x0000000080000000, 0x0000000100000000)
  region size 1024K, 40 young (40960K), 5 survivors (5120K)
 Metaspace       used 97695K, committed 99776K, reserved 1179648K
  class space    used 13466K, committed 14528K, reserved 1048576K
}
Event: 24.222 GC heap after
{Heap after GC invocations=34 (full 0):
 garbage-first heap   total 126976K, used 78052K [0x0000000080000000, 0x0000000100000000)
  region size 1024K, 4 young (4096K), 4 survivors (4096K)
 Metaspace       used 97695K, committed 99776K, reserved 1179648K
  class space    used 13466K, committed 14528K, reserved 1048576K
}
Event: 25.345 GC heap before
{Heap before GC invocations=34 (full 0):
 garbage-first heap   total 126976K, used 114916K [0x0000000080000000, 0x0000000100000000)
  region size 1024K, 40 young (40960K), 4 survivors (4096K)
 Metaspace       used 100170K, committed 102272K, reserved 1179648K
  class space    used 13811K, committed 14848K, reserved 1048576K
}
Event: 25.353 GC heap after
{Heap after GC invocations=35 (full 0):
 garbage-first heap   total 126976K, used 81107K [0x0000000080000000, 0x0000000100000000)
  region size 1024K, 5 young (5120K), 5 survivors (5120K)
 Metaspace       used 100170K, committed 102272K, reserved 1179648K
  class space    used 13811K, committed 14848K, reserved 1048576K
}
Event: 26.465 GC heap before
{Heap before GC invocations=36 (full 0):
 garbage-first heap   total 137216K, used 111827K [0x0000000080000000, 0x0000000100000000)
  region size 1024K, 36 young (36864K), 5 survivors (5120K)
 Metaspace       used 101955K, committed 104064K, reserved 1179648K
  class space    used 14105K, committed 15168K, reserved 1048576K
}
Event: 26.473 GC heap after
{Heap after GC invocations=37 (full 0):
 garbage-first heap   total 137216K, used 85284K [0x0000000080000000, 0x0000000100000000)
  region size 1024K, 5 young (5120K), 5 survivors (5120K)
 Metaspace       used 101955K, committed 104064K, reserved 1179648K
  class space    used 14105K, committed 15168K, reserved 1048576K
}
Event: 27.600 GC heap before
{Heap before GC invocations=37 (full 0):
 garbage-first heap   total 137216K, used 127268K [0x0000000080000000, 0x0000000100000000)
  region size 1024K, 42 young (43008K), 5 survivors (5120K)
 Metaspace       used 103408K, committed 105536K, reserved 1179648K
  class space    used 14224K, committed 15296K, reserved 1048576K
}
Event: 27.608 GC heap after
{Heap after GC invocations=38 (full 0):
 garbage-first heap   total 137216K, used 86934K [0x0000000080000000, 0x0000000100000000)
  region size 1024K, 4 young (4096K), 4 survivors (4096K)
 Metaspace       used 103408K, committed 105536K, reserved 1179648K
  class space    used 14224K, committed 15296K, reserved 1048576K
}
Event: 27.888 GC heap before
{Heap before GC invocations=38 (full 0):
 garbage-first heap   total 137216K, used 91030K [0x0000000080000000, 0x0000000100000000)
  region size 1024K, 10 young (10240K), 4 survivors (4096K)
 Metaspace       used 103701K, committed 105856K, reserved 1179648K
  class space    used 14263K, committed 15360K, reserved 1048576K
}
Event: 27.892 GC heap after
{Heap after GC invocations=39 (full 0):
 garbage-first heap   total 137216K, used 87379K [0x0000000080000000, 0x0000000100000000)
  region size 1024K, 1 young (1024K), 1 survivors (1024K)
 Metaspace       used 103701K, committed 105856K, reserved 1179648K
  class space    used 14263K, committed 15360K, reserved 1048576K
}
Event: 28.661 GC heap before
{Heap before GC invocations=40 (full 0):
 garbage-first heap   total 150528K, used 128339K [0x0000000080000000, 0x0000000100000000)
  region size 1024K, 40 young (40960K), 1 survivors (1024K)
 Metaspace       used 105449K, committed 107648K, reserved 1179648K
  class space    used 14442K, committed 15552K, reserved 1048576K
}
Event: 28.674 GC heap after
{Heap after GC invocations=41 (full 0):
 garbage-first heap   total 150528K, used 104628K [0x0000000080000000, 0x0000000100000000)
  region size 1024K, 5 young (5120K), 5 survivors (5120K)
 Metaspace       used 105449K, committed 107648K, reserved 1179648K
  class space    used 14442K, committed 15552K, reserved 1048576K
}
Event: 29.864 GC heap before
{Heap before GC invocations=41 (full 0):
 garbage-first heap   total 150528K, used 147636K [0x0000000080000000, 0x0000000100000000)
  region size 1024K, 33 young (33792K), 5 survivors (5120K)
 Metaspace       used 107443K, committed 109632K, reserved 1179648K
  class space    used 14630K, committed 15680K, reserved 1048576K
}
Event: 29.872 GC heap after
{Heap after GC invocations=42 (full 0):
 garbage-first heap   total 159744K, used 108308K [0x0000000080000000, 0x0000000100000000)
  region size 1024K, 4 young (4096K), 4 survivors (4096K)
 Metaspace       used 107443K, committed 109632K, reserved 1179648K
  class space    used 14630K, committed 15680K, reserved 1048576K
}
Event: 30.551 GC heap before
{Heap before GC invocations=42 (full 0):
 garbage-first heap   total 159744K, used 141076K [0x0000000080000000, 0x0000000100000000)
  region size 1024K, 37 young (37888K), 4 survivors (4096K)
 Metaspace       used 108570K, committed 110784K, reserved 1179648K
  class space    used 14776K, committed 15872K, reserved 1048576K
}
Event: 30.558 GC heap after
{Heap after GC invocations=43 (full 0):
 garbage-first heap   total 159744K, used 112001K [0x0000000080000000, 0x0000000100000000)
  region size 1024K, 4 young (4096K), 4 survivors (4096K)
 Metaspace       used 108570K, committed 110784K, reserved 1179648K
  class space    used 14776K, committed 15872K, reserved 1048576K
}
Event: 30.897 GC heap before
{Heap before GC invocations=44 (full 0):
 garbage-first heap   total 188416K, used 142721K [0x0000000080000000, 0x0000000100000000)
  region size 1024K, 35 young (35840K), 4 survivors (4096K)
 Metaspace       used 108989K, committed 111168K, reserved 1179648K
  class space    used 14816K, committed 15872K, reserved 1048576K
}
Event: 30.903 GC heap after
{Heap after GC invocations=45 (full 0):
 garbage-first heap   total 188416K, used 114390K [0x0000000080000000, 0x0000000100000000)
  region size 1024K, 4 young (4096K), 4 survivors (4096K)
 Metaspace       used 108989K, committed 111168K, reserved 1179648K
  class space    used 14816K, committed 15872K, reserved 1048576K
}
Event: 31.688 GC heap before
{Heap before GC invocations=45 (full 0):
 garbage-first heap   total 188416K, used 162518K [0x0000000080000000, 0x0000000100000000)
  region size 1024K, 52 young (53248K), 4 survivors (4096K)
 Metaspace       used 109702K, committed 111808K, reserved 1179648K
  class space    used 14896K, committed 15936K, reserved 1048576K
}
Event: 31.696 GC heap after
{Heap after GC invocations=46 (full 0):
 garbage-first heap   total 188416K, used 112385K [0x0000000080000000, 0x0000000100000000)
  region size 1024K, 7 young (7168K), 7 survivors (7168K)
 Metaspace       used 109702K, committed 111808K, reserved 1179648K
  class space    used 14896K, committed 15936K, reserved 1048576K
}

